2024-07-02 12:36:10 INFO  UserTests:46 - ****************** Creating User ***************
2024-07-02 12:36:14 INFO  UserTests:51 - ****************** User is created ***************
2024-07-02 12:36:14 INFO  UserTests:56 - ****************** Reading User info ***************
2024-07-02 12:36:15 INFO  UserTests:61 - ****************** User info is deleted ***************
2024-07-02 12:36:15 INFO  UserTests:66 - ****************** Updating User ***************
2024-07-02 12:36:18 INFO  UserTests:78 - ****************** User is upadted ***************
2024-07-02 12:36:18 INFO  UserTests:82 - ****************** Deleting User ***************
2024-07-02 12:36:19 INFO  UserTests:86 - ****************** User is deleted ***************
2024-07-02 12:50:05 INFO  UserTests:46 - ****************** Creating User ***************
2024-07-02 12:50:09 INFO  UserTests:51 - ****************** User is created ***************
2024-07-02 12:50:09 INFO  UserTests:56 - ****************** Reading User info ***************
2024-07-02 12:50:10 INFO  UserTests:61 - ****************** User info is deleted ***************
2024-07-02 12:50:10 INFO  UserTests:66 - ****************** Updating User ***************
2024-07-02 12:50:13 INFO  UserTests:78 - ****************** User is upadted ***************
2024-07-02 12:50:13 INFO  UserTests:82 - ****************** Deleting User ***************
2024-07-02 12:50:14 INFO  UserTests:86 - ****************** User is deleted ***************
2024-07-02 12:52:50 INFO  UserTests:46 - ****************** Creating User ***************
2024-07-02 12:52:54 INFO  UserTests:51 - ****************** User is created ***************
2024-07-02 12:52:54 INFO  UserTests:56 - ****************** Reading User info ***************
2024-07-02 12:52:55 INFO  UserTests:61 - ****************** User info is deleted ***************
2024-07-02 12:52:55 INFO  UserTests:66 - ****************** Updating User ***************
2024-07-02 12:52:57 INFO  UserTests:78 - ****************** User is upadted ***************
2024-07-02 12:52:57 INFO  UserTests:82 - ****************** Deleting User ***************
2024-07-02 12:52:59 INFO  UserTests:86 - ****************** User is deleted ***************
2024-07-02 12:53:51 INFO  UserTests:46 - ****************** Creating User ***************
2024-07-02 12:53:54 INFO  UserTests:51 - ****************** User is created ***************
2024-07-02 12:53:54 INFO  UserTests:56 - ****************** Reading User info ***************
2024-07-02 12:53:56 INFO  UserTests:61 - ****************** User info is deleted ***************
2024-07-02 12:53:56 INFO  UserTests:66 - ****************** Updating User ***************
2024-07-02 12:53:58 INFO  UserTests:78 - ****************** User is upadted ***************
2024-07-02 12:53:58 INFO  UserTests:82 - ****************** Deleting User ***************
2024-07-02 12:53:59 INFO  UserTests:86 - ****************** User is deleted ***************
2024-07-02 12:59:29 INFO  UserTests:46 - ****************** Creating User ***************
2024-07-02 12:59:32 INFO  UserTests:51 - ****************** User is created ***************
2024-07-02 12:59:32 INFO  UserTests:56 - ****************** Reading User info ***************
2024-07-02 12:59:34 INFO  UserTests:61 - ****************** User info is deleted ***************
2024-07-02 12:59:34 INFO  UserTests:66 - ****************** Updating User ***************
2024-07-02 12:59:37 INFO  UserTests:78 - ****************** User is upadted ***************
2024-07-02 12:59:37 INFO  UserTests:82 - ****************** Deleting User ***************
2024-07-02 12:59:39 INFO  UserTests:86 - ****************** User is deleted ***************
2024-07-02 13:10:42 INFO  UserTests:46 - ****************** Creating User ***************
2024-07-02 13:10:45 INFO  UserTests:51 - ****************** User is created ***************
2024-07-02 13:10:45 INFO  UserTests:56 - ****************** Reading User info ***************
2024-07-02 13:10:47 INFO  UserTests:61 - ****************** User info is deleted ***************
2024-07-02 13:10:47 INFO  UserTests:66 - ****************** Updating User ***************
2024-07-02 13:10:50 INFO  UserTests:78 - ****************** User is upadted ***************
2024-07-02 13:10:50 INFO  UserTests:82 - ****************** Deleting User ***************
2024-07-02 13:10:52 INFO  UserTests:86 - ****************** User is deleted ***************
2024-07-02 13:45:48 INFO  UserTests:46 - ****************** Creating User ***************
2024-07-02 13:45:52 INFO  UserTests:51 - ****************** User is created ***************
2024-07-02 13:45:52 INFO  UserTests:56 - ****************** Reading User info ***************
2024-07-02 13:45:53 INFO  UserTests:61 - ****************** User info is deleted ***************
2024-07-02 13:45:53 INFO  UserTests:66 - ****************** Updating User ***************
2024-07-02 13:45:56 INFO  UserTests:78 - ****************** User is upadted ***************
2024-07-02 13:45:56 INFO  UserTests:82 - ****************** Deleting User ***************
2024-07-02 13:45:58 INFO  UserTests:86 - ****************** User is deleted ***************
2024-07-02 14:07:03 INFO  UserTests:46 - ****************** Creating User ***************
2024-07-02 14:07:07 INFO  UserTests:51 - ****************** User is created ***************
2024-07-02 14:07:07 INFO  UserTests:56 - ****************** Reading User info ***************
2024-07-02 14:07:08 INFO  UserTests:61 - ****************** User info is deleted ***************
2024-07-02 14:07:08 INFO  UserTests:66 - ****************** Updating User ***************
2024-07-02 14:07:11 INFO  UserTests:78 - ****************** User is upadted ***************
2024-07-02 14:07:11 INFO  UserTests:82 - ****************** Deleting User ***************
2024-07-02 14:07:13 INFO  UserTests:86 - ****************** User is deleted ***************
